<?xml version="1.0" encoding="UTF-8"?>
<!-- Generated by org.testng.reporters.JUnitXMLReporter -->
<testsuite ignored="7" hostname="krishPC" failures="0" tests="2" name="groupingtests" time="0.051" errors="0" timestamp="2024-08-25T18:04:58 IST">
  <testcase classname="DAY44.PaymentTests" name="PaymentInRupes" time="0.008"/>
  <testcase classname="DAY44.PaymentTests" name="PaymentIndollar" time="0.001"/>
  <testcase classname="DAY44.Dependancy" name="Login" time="0.0">
    <ignored/>
  </testcase> <!-- Login -->
  <testcase classname="DAY44.Dependancy" name="AdvSearch" time="0.0">
    <ignored/>
  </testcase> <!-- AdvSearch -->
  <testcase classname="DAY44.Dependancy" name="OpenApp" time="0.0">
    <ignored/>
  </testcase> <!-- OpenApp -->
  <testcase classname="DAY44.SiginTests" name="SignupByEmail" time="0.0">
    <ignored/>
  </testcase> <!-- SignupByEmail -->
  <testcase classname="DAY44.SiginTests" name="SignupByFacebook" time="0.0">
    <ignored/>
  </testcase> <!-- SignupByFacebook -->
  <testcase classname="DAY44.Dependancy" name="Search1" time="0.0">
    <ignored/>
  </testcase> <!-- Search1 -->
  <testcase classname="DAY44.SiginTests" name="SignupBytwitter" time="0.0">
    <ignored/>
  </testcase> <!-- SignupBytwitter -->
</testsuite> <!-- groupingtests -->
